Arguments: 
  /usr/bin/node /usr/share/yarn/bin/yarn.js add express husky prettier lint-staged body-parser esm jsonwebtoken cors

PATH: 
  /usr/local/bin:...:Program/flutter/bin:/home/duncan/Android/Sdk/emulator:/home/duncan/Android/Sdk/tools:/home/duncan/Android/Sdk/tools/bin:/home/duncan/Android/Sdk/platform-tools:/usr/local/sbin:/usr/local/bin:/usr/sbin:/usr/bin:/sbin:/bin:/usr/games:/usr/local/games:/snap/bin:/home/duncan/Android/Sdk/emulator:/home/duncan/Android/Sdk/tools:/home/duncan/Android/Sdk/tools/bin:/home/duncan/Android/Sdk/platform-tools

Yarn version: 
  1.22.5

Node version: 
  13.14.0

Platform: 
  linux x64

Trace: 
  SyntaxError: /home/duncan/Self study/Andela/portofolio-blog/server/package.json: Unexpected token } in JSON at position 133
      at JSON.parse (<anonymous>)
      at /usr/share/yarn/lib/cli.js:1625:59
      at Generator.next (<anonymous>)
      at step (/usr/share/yarn/lib/cli.js:310:30)
      at /usr/share/yarn/lib/cli.js:321:13

npm manifest: 
  {
    "name": "server",
    "version": "1.0.0",
    "main": "index.js",
    "license": "MIT",
    "dependencies": {
      "dotenv": "^8.2.0",
  
    }
  }

yarn manifest: 
  No manifest

Lockfile: 
  # THIS IS AN AUTOGENERATED FILE. DO NOT EDIT THIS FILE DIRECTLY.
  # yarn lockfile v1
  
  
  dotenv@^8.2.0:
    version "8.2.0"
    resolved "https://registry.yarnpkg.com/dotenv/-/dotenv-8.2.0.tgz#97e619259ada750eea3e4ea3e26bceea5424b16a"
    integrity sha512-8sJ78ElpbDJBHNeBzUbUVLsqKdccaa/BXF1uPTw3GrvQTBgrQrtObr2mUrE38vzYd8cEv+m/JBfDLioYcfXoaw==
